2021-03-20 12:31:19 INFO  FindUserByUsernameMenuCommand:26 - Find user by {user}
2021-03-20 12:31:34 INFO  FindUserByUsernameMenuCommand:26 - Find user by {sef}
2021-03-20 12:31:34 INFO  FindUserByUsernameMenuCommand:32 - user {sef} not found
2021-03-20 12:32:48 INFO  FindUserByUsernameMenuCommand:26 - Find user by {user}
2021-03-20 12:33:13 INFO  FindUserByUsernameMenuCommand:26 - Find user by {user}
2021-03-20 12:33:18 INFO  FindUserByUsernameMenuCommand:26 - Find user by {ad}
2021-03-20 12:33:18 INFO  FindUserByUsernameMenuCommand:32 - user {ad} not found
2021-03-20 12:34:51 INFO  FindUserByUsernameMenuCommand:26 - Find user by {user}
2021-03-20 12:34:51 DEBUG FindUserByUsernameMenuCommand:27 - Find user by {user}
2021-03-20 12:35:04 INFO  FindUserByUsernameMenuCommand:26 - Find user by {ad}
2021-03-20 12:35:04 DEBUG FindUserByUsernameMenuCommand:27 - Find user by {ad}
2021-03-20 12:35:04 INFO  FindUserByUsernameMenuCommand:32 - user {ad} not found
2021-03-20 12:35:04 DEBUG FindUserByUsernameMenuCommand:33 - user {ad} not found
2021-03-20 12:37:54 INFO  FindUserByUsernameMenuCommand:23 -  users:

2021-03-20 12:38:15 INFO  FindUserByUsernameMenuCommand:26 - Find user by name: {user}
2021-03-20 12:38:15 DEBUG FindUserByUsernameMenuCommand:27 - Find user by name: {user}
2021-03-20 12:38:15 INFO  FindUserByUsernameMenuCommand:30 - Find user by name: {User(super=BaseEntity(id=3), username=user, password=1, phoneNumber=+3752933333333, email=user@mail.ru, role=USER)}
2021-03-20 12:46:52 INFO  FindUserByUsernameMenuCommand:23 -  users:
{[User(super=BaseEntity(id=1), username=admin, password=1, phoneNumber=+375291111111, email=admin@mail.ru, role=ADMIN), User(super=BaseEntity(id=2), username=master, password=1, phoneNumber=+375292222222, email=master@mail.ru, role=MASTER), User(super=BaseEntity(id=3), username=user, password=1, phoneNumber=+3752933333333, email=user@mail.ru, role=USER), User(super=BaseEntity(id=4), username=misha, password=1, phoneNumber=+375294444444, email=misha@mail.ru, role=USER), User(super=BaseEntity(id=5), username=sasha, password=1, phoneNumber=+375295555555, email=sasha@mail.ru, role=USER), User(super=BaseEntity(id=6), username=masterBob, password=1, phoneNumber=+375296666666, email=masterBob@mail.ru, role=MASTER)]}
2021-03-20 12:47:07 INFO  FindUserByUsernameMenuCommand:26 - Find user by name: {user}
2021-03-20 12:47:07 DEBUG FindUserByUsernameMenuCommand:27 - Find user by name: {user}
2021-03-20 12:47:07 INFO  FindUserByUsernameMenuCommand:30 - Find user by name: {User(super=BaseEntity(id=3), username=user, password=1, phoneNumber=+3752933333333, email=user@mail.ru, role=USER)}
2021-03-20 12:47:36 INFO  FindUserByUsernameMenuCommand:26 - Find user by name: {user}
2021-03-20 12:47:36 DEBUG FindUserByUsernameMenuCommand:27 - Find user by name: {user}
2021-03-20 12:47:36 INFO  FindUserByUsernameMenuCommand:30 - Find user by name: {User(super=BaseEntity(id=3), username=user, password=1, phoneNumber=+3752933333333, email=user@mail.ru, role=USER)}
2021-03-20 12:49:20 INFO  FindUserByUsernameMenuCommand:26 - Find user by name: {user}
2021-03-20 12:49:20 DEBUG FindUserByUsernameMenuCommand:27 - Find user by name: {user}
2021-03-20 12:49:21 INFO  FindUserByUsernameMenuCommand:30 - Find user by name: {User(super=BaseEntity(id=3), username=user, password=1, phoneNumber=+3752933333333, email=user@mail.ru, role=USER)}
2021-03-20 12:49:23 INFO  FindUserByUsernameMenuCommand:23 -  users:
{[User(super=BaseEntity(id=1), username=admin, password=1, phoneNumber=+375291111111, email=admin@mail.ru, role=ADMIN), User(super=BaseEntity(id=2), username=master, password=1, phoneNumber=+375292222222, email=master@mail.ru, role=MASTER), User(super=BaseEntity(id=3), username=user, password=1, phoneNumber=+3752933333333, email=user@mail.ru, role=USER), User(super=BaseEntity(id=4), username=misha, password=1, phoneNumber=+375294444444, email=misha@mail.ru, role=USER), User(super=BaseEntity(id=5), username=sasha, password=1, phoneNumber=+375295555555, email=sasha@mail.ru, role=USER), User(super=BaseEntity(id=6), username=masterBob, password=1, phoneNumber=+375296666666, email=masterBob@mail.ru, role=MASTER)]}
2021-03-20 12:49:28 INFO  FindUserByUsernameMenuCommand:26 - Find user by name: {ads}
2021-03-20 12:49:28 DEBUG FindUserByUsernameMenuCommand:27 - Find user by name: {ads}
2021-03-20 12:49:28 INFO  FindUserByUsernameMenuCommand:33 - user {ads} not found
2021-03-20 12:49:28 DEBUG FindUserByUsernameMenuCommand:34 - user {ads} not found
2021-03-20 12:50:10 INFO  FindUserByUsernameMenuCommand:23 -  users:
{[User(super=BaseEntity(id=1), username=admin, password=1, phoneNumber=+375291111111, email=admin@mail.ru, role=ADMIN), User(super=BaseEntity(id=2), username=master, password=1, phoneNumber=+375292222222, email=master@mail.ru, role=MASTER), User(super=BaseEntity(id=3), username=user, password=1, phoneNumber=+3752933333333, email=user@mail.ru, role=USER), User(super=BaseEntity(id=4), username=misha, password=1, phoneNumber=+375294444444, email=misha@mail.ru, role=USER), User(super=BaseEntity(id=5), username=sasha, password=1, phoneNumber=+375295555555, email=sasha@mail.ru, role=USER), User(super=BaseEntity(id=6), username=masterBob, password=1, phoneNumber=+375296666666, email=masterBob@mail.ru, role=MASTER)]}
2021-03-20 12:50:18 INFO  FindUserByUsernameMenuCommand:26 - Find user by name: {user}
2021-03-20 12:50:18 INFO  FindUserByUsernameMenuCommand:30 - Find user by name: {User(super=BaseEntity(id=3), username=user, password=1, phoneNumber=+3752933333333, email=user@mail.ru, role=USER)}
2021-03-20 12:50:30 INFO  FindUserByUsernameMenuCommand:26 - Find user by name: {sdf}
2021-03-20 12:50:30 INFO  FindUserByUsernameMenuCommand:33 - user {sdf} not found
2021-03-20 12:52:35 INFO  FindUserByUsernameMenuCommand:23 -  users:
{[User(super=BaseEntity(id=1), username=admin, password=1, phoneNumber=+375291111111, email=admin@mail.ru, role=ADMIN), User(super=BaseEntity(id=2), username=master, password=1, phoneNumber=+375292222222, email=master@mail.ru, role=MASTER), User(super=BaseEntity(id=3), username=user, password=1, phoneNumber=+3752933333333, email=user@mail.ru, role=USER), User(super=BaseEntity(id=4), username=misha, password=1, phoneNumber=+375294444444, email=misha@mail.ru, role=USER), User(super=BaseEntity(id=5), username=sasha, password=1, phoneNumber=+375295555555, email=sasha@mail.ru, role=USER), User(super=BaseEntity(id=6), username=masterBob, password=1, phoneNumber=+375296666666, email=masterBob@mail.ru, role=MASTER)]}
2021-03-20 12:52:41 INFO  FindUserByUsernameMenuCommand:26 - Find user by name: {user}
2021-03-20 12:52:41 INFO  FindUserByUsernameMenuCommand:30 - Find user by name: {User(super=BaseEntity(id=3), username=user, password=1, phoneNumber=+3752933333333, email=user@mail.ru, role=USER)}
2021-03-20 12:52:45 INFO  FindUserByUsernameMenuCommand:26 - Find user by name: {ad}
2021-03-20 12:52:45 INFO  FindUserByUsernameMenuCommand:33 - user {ad} not found
2021-03-20 12:54:11 INFO  FindUserByUsernameMenuCommand:23 -  users:
{[User(super=BaseEntity(id=1), username=admin, password=1, phoneNumber=+375291111111, email=admin@mail.ru, role=ADMIN), User(super=BaseEntity(id=2), username=master, password=1, phoneNumber=+375292222222, email=master@mail.ru, role=MASTER), User(super=BaseEntity(id=3), username=user, password=1, phoneNumber=+3752933333333, email=user@mail.ru, role=USER), User(super=BaseEntity(id=4), username=misha, password=1, phoneNumber=+375294444444, email=misha@mail.ru, role=USER), User(super=BaseEntity(id=5), username=sasha, password=1, phoneNumber=+375295555555, email=sasha@mail.ru, role=USER), User(super=BaseEntity(id=6), username=masterBob, password=1, phoneNumber=+375296666666, email=masterBob@mail.ru, role=MASTER)]}
2021-03-20 12:54:14 INFO  FindUserByUsernameMenuCommand:26 - Find user by name: {user}
2021-03-20 12:54:14 INFO  FindUserByUsernameMenuCommand:30 - Find user by name: {User(super=BaseEntity(id=3), username=user, password=1, phoneNumber=+3752933333333, email=user@mail.ru, role=USER)}
2021-03-20 12:54:18 INFO  FindUserByUsernameMenuCommand:26 - Find user by name: {adawd}
2021-03-20 12:54:18 INFO  FindUserByUsernameMenuCommand:33 - user {adawd} not found
2021-03-20 12:55:50 INFO  FindUserByUsernameMenuCommand:23 -  users:
{[User(super=BaseEntity(id=1), username=admin, password=1, phoneNumber=+375291111111, email=admin@mail.ru, role=ADMIN), User(super=BaseEntity(id=2), username=master, password=1, phoneNumber=+375292222222, email=master@mail.ru, role=MASTER), User(super=BaseEntity(id=3), username=user, password=1, phoneNumber=+3752933333333, email=user@mail.ru, role=USER), User(super=BaseEntity(id=4), username=misha, password=1, phoneNumber=+375294444444, email=misha@mail.ru, role=USER), User(super=BaseEntity(id=5), username=sasha, password=1, phoneNumber=+375295555555, email=sasha@mail.ru, role=USER), User(super=BaseEntity(id=6), username=masterBob, password=1, phoneNumber=+375296666666, email=masterBob@mail.ru, role=MASTER)]}
2021-03-20 12:55:57 INFO  FindUserByUsernameMenuCommand:26 - Find user by name: {user}
2021-03-20 12:55:57 DEBUG FindUserByUsernameMenuCommand:27 - Find user by name: {user}
2021-03-20 12:55:57 INFO  FindUserByUsernameMenuCommand:30 - Find user by name: {User(super=BaseEntity(id=3), username=user, password=1, phoneNumber=+3752933333333, email=user@mail.ru, role=USER)}
2021-03-20 12:56:06 INFO  FindUserByUsernameMenuCommand:26 - Find user by name: {dfg}
2021-03-20 12:56:06 DEBUG FindUserByUsernameMenuCommand:27 - Find user by name: {dfg}
2021-03-20 12:56:06 INFO  FindUserByUsernameMenuCommand:33 - user {dfg} not found
2021-03-20 12:56:06 DEBUG FindUserByUsernameMenuCommand:34 - user {dfg} not found
2021-03-20 12:57:27 INFO  FindUserByUsernameMenuCommand:23 -  users:
{[User(super=BaseEntity(id=1), username=admin, password=1, phoneNumber=+375291111111, email=admin@mail.ru, role=ADMIN), User(super=BaseEntity(id=2), username=master, password=1, phoneNumber=+375292222222, email=master@mail.ru, role=MASTER), User(super=BaseEntity(id=3), username=user, password=1, phoneNumber=+3752933333333, email=user@mail.ru, role=USER), User(super=BaseEntity(id=4), username=misha, password=1, phoneNumber=+375294444444, email=misha@mail.ru, role=USER), User(super=BaseEntity(id=5), username=sasha, password=1, phoneNumber=+375295555555, email=sasha@mail.ru, role=USER), User(super=BaseEntity(id=6), username=masterBob, password=1, phoneNumber=+375296666666, email=masterBob@mail.ru, role=MASTER)]}
2021-03-20 13:17:28 INFO  FindUserByUsernameMenuCommand:23 -  users:
{[User(super=BaseEntity(id=1), username=admin, password=1, phoneNumber=+375291111111, email=admin@mail.ru, role=ADMIN), User(super=BaseEntity(id=2), username=master, password=1, phoneNumber=+375292222222, email=master@mail.ru, role=MASTER), User(super=BaseEntity(id=3), username=user, password=1, phoneNumber=+3752933333333, email=user@mail.ru, role=USER), User(super=BaseEntity(id=4), username=misha, password=1, phoneNumber=+375294444444, email=misha@mail.ru, role=USER), User(super=BaseEntity(id=5), username=sasha, password=1, phoneNumber=+375295555555, email=sasha@mail.ru, role=USER), User(super=BaseEntity(id=6), username=masterBob, password=1, phoneNumber=+375296666666, email=masterBob@mail.ru, role=MASTER)]}
2021-03-20 13:17:41 INFO  FindUserByUsernameMenuCommand:26 - Find user by name: {user}
2021-03-20 13:17:41 DEBUG FindUserByUsernameMenuCommand:27 - Find user by name: {user}
2021-03-20 13:17:42 INFO  FindUserByUsernameMenuCommand:30 - Detected User: {User(super=BaseEntity(id=3), username=user, password=1, phoneNumber=+3752933333333, email=user@mail.ru, role=USER)}
2021-03-20 13:18:29 INFO  CreateRepairRequestMenuCommand:69 -  Repair request was created 
2021-03-20 13:44:54 INFO  FindUserByUsernameMenuCommand:23 -  users:
{[User(super=BaseEntity(id=1), username=admin, password=1, phoneNumber=+375291111111, email=admin@mail.ru, role=ADMIN), User(super=BaseEntity(id=2), username=master, password=1, phoneNumber=+375292222222, email=master@mail.ru, role=MASTER), User(super=BaseEntity(id=3), username=user, password=1, phoneNumber=+3752933333333, email=user@mail.ru, role=USER), User(super=BaseEntity(id=4), username=misha, password=1, phoneNumber=+375294444444, email=misha@mail.ru, role=USER), User(super=BaseEntity(id=5), username=sasha, password=1, phoneNumber=+375295555555, email=sasha@mail.ru, role=USER), User(super=BaseEntity(id=6), username=masterBob, password=1, phoneNumber=+375296666666, email=masterBob@mail.ru, role=MASTER)]}
2021-03-20 13:45:04 INFO  FindUserByUsernameMenuCommand:26 - Find user by name: {user}
2021-03-20 13:45:04 DEBUG FindUserByUsernameMenuCommand:27 - Find user by name: {user}
2021-03-20 13:45:04 INFO  FindUserByUsernameMenuCommand:30 - Detected User: {User(super=BaseEntity(id=3), username=user, password=1, phoneNumber=+3752933333333, email=user@mail.ru, role=USER)}
2021-03-20 13:45:10 INFO  FindUserByUsernameMenuCommand:26 - Find user by name: {asd}
2021-03-20 13:45:10 DEBUG FindUserByUsernameMenuCommand:27 - Find user by name: {asd}
2021-03-20 13:45:10 INFO  FindUserByUsernameMenuCommand:32 - user {asd} not found
2021-03-20 13:45:10 DEBUG FindUserByUsernameMenuCommand:33 - user {asd} not found
2021-03-20 13:50:46 INFO  FindUserByUsernameMenuCommand:23 -  users:
{[User(super=BaseEntity(id=1), username=admin, password=1, phoneNumber=+375291111111, email=admin@mail.ru, role=ADMIN), User(super=BaseEntity(id=2), username=master, password=1, phoneNumber=+375292222222, email=master@mail.ru, role=MASTER), User(super=BaseEntity(id=3), username=user, password=1, phoneNumber=+3752933333333, email=user@mail.ru, role=USER), User(super=BaseEntity(id=4), username=misha, password=1, phoneNumber=+375294444444, email=misha@mail.ru, role=USER), User(super=BaseEntity(id=5), username=sasha, password=1, phoneNumber=+375295555555, email=sasha@mail.ru, role=USER), User(super=BaseEntity(id=6), username=masterBob, password=1, phoneNumber=+375296666666, email=masterBob@mail.ru, role=MASTER)]}
